<?xml version="1.0" encoding="UTF-8"?>
<testng-results ignored="0" total="2" passed="2" failed="0" skipped="0">
  <reporter-output>
  </reporter-output>
  <suite started-at="2026-07-12T09:29:02 IST" name="Selenium Automation Portfolio Suite" finished-at="2026-07-12T09:29:12 IST" duration-ms="10095">
    <groups>
    </groups>
    <test started-at="2026-07-12T09:29:02 IST" name="Login Tests" finished-at="2026-07-12T09:29:12 IST" duration-ms="10095">
      <class name="com.portfolio.qa.tests.LoginTest">
        <test-method is-config="true" signature="setupSuite()[pri:0, instance:com.portfolio.qa.tests.LoginTest@433d61fb]" started-at="2026-07-12T09:29:02 IST" name="setupSuite" finished-at="2026-07-12T09:29:02 IST" duration-ms="570" status="PASS">
          <reporter-output>
          </reporter-output>
        </test-method> <!-- setupSuite -->
        <test-method is-config="true" signature="setup()[pri:0, instance:com.portfolio.qa.tests.LoginTest@433d61fb]" started-at="2026-07-12T09:29:02 IST" name="setup" finished-at="2026-07-12T09:29:03 IST" duration-ms="1291" status="PASS">
          <reporter-output>
          </reporter-output>
        </test-method> <!-- setup -->
        <test-method signature="testInvalidLogin()[pri:0, instance:com.portfolio.qa.tests.LoginTest@433d61fb]" started-at="2026-07-12T09:29:03 IST" name="testInvalidLogin" description="Verify login fails with invalid credentials" finished-at="2026-07-12T09:29:07 IST" duration-ms="3836" status="PASS">
          <reporter-output>
          </reporter-output>
        </test-method> <!-- testInvalidLogin -->
        <test-method is-config="true" signature="teardown()[pri:0, instance:com.portfolio.qa.tests.LoginTest@433d61fb]" started-at="2026-07-12T09:29:07 IST" name="teardown" finished-at="2026-07-12T09:29:07 IST" duration-ms="164" status="PASS">
          <reporter-output>
          </reporter-output>
        </test-method> <!-- teardown -->
        <test-method is-config="true" signature="setup()[pri:0, instance:com.portfolio.qa.tests.LoginTest@433d61fb]" started-at="2026-07-12T09:29:07 IST" name="setup" finished-at="2026-07-12T09:29:08 IST" duration-ms="839" status="PASS">
          <reporter-output>
          </reporter-output>
        </test-method> <!-- setup -->
        <test-method signature="testSuccessfulLogin()[pri:0, instance:com.portfolio.qa.tests.LoginTest@433d61fb]" started-at="2026-07-12T09:29:08 IST" name="testSuccessfulLogin" description="Verify login is successful with valid credentials" finished-at="2026-07-12T09:29:12 IST" duration-ms="3769" status="PASS">
          <reporter-output>
          </reporter-output>
        </test-method> <!-- testSuccessfulLogin -->
        <test-method is-config="true" signature="teardown()[pri:0, instance:com.portfolio.qa.tests.LoginTest@433d61fb]" started-at="2026-07-12T09:29:12 IST" name="teardown" finished-at="2026-07-12T09:29:12 IST" duration-ms="155" status="PASS">
          <reporter-output>
          </reporter-output>
        </test-method> <!-- teardown -->
      </class> <!-- com.portfolio.qa.tests.LoginTest -->
    </test> <!-- Login Tests -->
  </suite> <!-- Selenium Automation Portfolio Suite -->
</testng-results>
