<?xml version="1.0" encoding="UTF-8"?>
<!-- Generated by org.testng.reporters.JUnitReportReporter -->
<testsuite hostname="LAPTOP-QKBTMJMA" failures="0" tests="2" name="com.portfolio.qa.tests.LoginTest" time="10.054" errors="0" timestamp="2026-07-12T09:29:12 IST" skipped="0">
  <testcase classname="com.portfolio.qa.tests.LoginTest" name="testInvalidLogin" time="4.830"/>
  <testcase classname="com.portfolio.qa.tests.LoginTest" name="testSuccessfulLogin" time="5.224"/>
</testsuite> <!-- com.portfolio.qa.tests.LoginTest -->
